<?xml version="1.0" encoding="UTF-8"?>
<!-- Generated by org.testng.reporters.JUnitXMLReporter -->
<testsuite hostname="LAPTOP-4DVT6KC1" ignored="0" name="Default test" tests="4" failures="0" timestamp="2020-02-26T01:51:29 GMT" time="16.536" errors="0">
  <testcase name="doesPriceMatch" time="4.067" classname="expediaChallenge.ExpediaTest"/>
  <testcase name="doesNotPriceMatch" time="0.655" classname="expediaChallenge.ExpediaTest"/>
  <testcase name="visiblityOfAirLines" time="0.425" classname="expediaChallenge.ExpediaTest"/>
  <testcase name="footerNoteText" time="0.253" classname="expediaChallenge.ExpediaTest"/>
</testsuite> <!-- Default test -->
