<?xml version="1.0" encoding="UTF-8"?>
<!-- Generated by org.testng.reporters.JUnitXMLReporter -->
<testsuite hostname="LAPTOP-4DVT6KC1" ignored="0" name="Test" tests="4" failures="0" timestamp="2020-02-26T01:58:51 GMT" time="15.616" errors="0">
  <testcase name="doesPriceMatch" time="3.705" classname="expediaChallenge.ExpediaTest"/>
  <testcase name="doesNotPriceMatch" time="0.568" classname="expediaChallenge.ExpediaTest"/>
  <testcase name="visiblityOfAirLines" time="0.597" classname="expediaChallenge.ExpediaTest"/>
  <testcase name="footerNoteText" time="0.214" classname="expediaChallenge.ExpediaTest"/>
</testsuite> <!-- Test -->
